<?xml version="1.0" encoding="UTF-8"?>
<testsuites tests="2" failures="2" errors="0" skipped="0">
  <testsuite name="Application Launch" timestamp="2026-02-16T18:45:09" time="4.016" tests="1" failures="1" errors="0" skipped="0">
    <properties>
      <property name="specId" value="0"/>
      <property name="suiteName" value="Application Launch"/>
      <property name="capabilities" value="webview2.144_0_3719_115.windows"/>
      <property name="file" value="file:///E:/AI%20Projects/ai-copy-paste.worktrees/feature-sensitive-data-protection/tests/e2e/tests/app-launch.spec.ts"/>
    </properties>
    <testcase classname="webview2.144_0_3719_115.windows.Application_Launch" name="before all hook for Application Launch" time="4.015">
      <failure message="waitUntil condition timed out after 4000ms"/>
      <system-err><![CDATA[
Error: waitUntil condition timed out after 4000ms
    at processTimers (node:internal/timers:540:9)
    at async Context.<anonymous> (file:///E:/AI%20Projects/ai-copy-paste.worktrees/feature-sensitive-data-protection/tests/e2e/tests/app-launch.spec.ts:7:9)
]]></system-err>
    </testcase>
  </testsuite>
  <testsuite name="Navigation" timestamp="2026-02-16T18:45:13" time="2.013" tests="1" failures="1" errors="0" skipped="0">
    <properties>
      <property name="specId" value="0"/>
      <property name="suiteName" value="Navigation"/>
      <property name="capabilities" value="webview2.144_0_3719_115.windows"/>
      <property name="file" value="file:///E:/AI%20Projects/ai-copy-paste.worktrees/feature-sensitive-data-protection/tests/e2e/tests/app-launch.spec.ts"/>
    </properties>
    <testcase classname="webview2.144_0_3719_115.windows.Navigation" name="before all hook for Navigation" time="2.013">
      <failure message="waitUntil condition timed out after 2000ms"/>
      <system-err><![CDATA[
Error: waitUntil condition timed out after 2000ms
    at async Context.<anonymous> (file:///E:/AI%20Projects/ai-copy-paste.worktrees/feature-sensitive-data-protection/tests/e2e/tests/app-launch.spec.ts:78:9)
]]></system-err>
    </testcase>
  </testsuite>
</testsuites>